0 info it worked if it ends with ok
1 verbose cli [ 'node', '/usr/local/bin/npm', 'install', '-g', 'sass' ]
2 info using npm@2.11.3
3 info using node@v0.12.7
4 verbose install initial load of /usr/local/lib/package.json
5 verbose readDependencies loading dependencies from /usr/local/lib/package.json
6 silly cache add args [ 'sass', null ]
7 verbose cache add spec sass
8 silly cache add parsed spec { raw: 'sass',
8 silly cache add   scope: null,
8 silly cache add   name: 'sass',
8 silly cache add   rawSpec: '',
8 silly cache add   spec: '*',
8 silly cache add   type: 'range' }
9 silly addNamed sass@*
10 verbose addNamed "*" is a valid semver range for sass
11 silly addNameRange { name: 'sass', range: '*', hasData: false }
12 silly mapToRegistry name sass
13 silly mapToRegistry using default registry
14 silly mapToRegistry registry https://registry.npmjs.org/
15 silly mapToRegistry uri https://registry.npmjs.org/sass
16 verbose addNameRange registry:https://registry.npmjs.org/sass not in flight; fetching
17 verbose request uri https://registry.npmjs.org/sass
18 verbose request no auth needed
19 info attempt registry request try #1 at 4:31:43 PM
20 verbose request id 6fa60dde41a3d525
21 verbose etag W/"c3984928deb98c63d12b61328859063a"
22 verbose lastModified Wed, 03 Apr 2019 08:50:29 GMT
23 http request GET https://registry.npmjs.org/sass
24 http 304 https://registry.npmjs.org/sass
25 silly get cb [ 304,
25 silly get   { date: 'Wed, 03 Apr 2019 20:31:44 GMT',
25 silly get     connection: 'keep-alive',
25 silly get     'set-cookie': [ '__cfduid=d6c488ffd15c7a5f3529233c03d09d1871554323504; expires=Thu, 02-Apr-20 20:31:44 GMT; path=/; domain=.registry.npmjs.org; HttpOnly' ],
25 silly get     'cf-cache-status': 'HIT',
25 silly get     'cache-control': 'max-age=300',
25 silly get     'cf-ray': '4c1dced00fccc5f6-EWR',
25 silly get     etag: '"c3984928deb98c63d12b61328859063a"',
25 silly get     'expect-ct': 'max-age=604800, report-uri="https://report-uri.cloudflare.com/cdn-cgi/beacon/expect-ct"',
25 silly get     'last-modified': 'Wed, 03 Apr 2019 08:50:29 GMT',
25 silly get     vary: 'accept-encoding, accept',
25 silly get     'x-amz-meta-rev': '115-3f4a74c1e02232b8a734f2137f6d0a00',
25 silly get     server: 'cloudflare' } ]
26 verbose etag https://registry.npmjs.org/sass from cache
27 verbose get saving sass to /Users/oneway/.npm/registry.npmjs.org/sass/.cache.json
28 silly addNameRange number 2 { name: 'sass', range: '*', hasData: true }
29 silly addNameRange versions [ 'sass',
29 silly addNameRange   [ '0.4.0',
29 silly addNameRange     '0.4.1',
29 silly addNameRange     '0.4.2',
29 silly addNameRange     '0.4.3',
29 silly addNameRange     '0.5.0',
29 silly addNameRange     '1.0.0-beta.1',
29 silly addNameRange     '1.0.0-beta.2',
29 silly addNameRange     '1.0.0-beta.3',
29 silly addNameRange     '1.0.0-beta.4',
29 silly addNameRange     '1.0.0-beta.5.1',
29 silly addNameRange     '1.0.0-beta.5.2',
29 silly addNameRange     '1.0.0-beta.5.3',
29 silly addNameRange     '1.0.0-rc.1',
29 silly addNameRange     '1.0.0',
29 silly addNameRange     '1.1.0',
29 silly addNameRange     '1.1.1',
29 silly addNameRange     '1.2.0',
29 silly addNameRange     '1.2.1',
29 silly addNameRange     '1.3.0',
29 silly addNameRange     '1.3.1',
29 silly addNameRange     '1.3.2',
29 silly addNameRange     '1.4.0',
29 silly addNameRange     '1.5.0',
29 silly addNameRange     '1.5.1',
29 silly addNameRange     '1.6.0',
29 silly addNameRange     '1.6.1',
29 silly addNameRange     '1.6.2',
29 silly addNameRange     '1.7.0',
29 silly addNameRange     '1.7.1',
29 silly addNameRange     '1.7.2',
29 silly addNameRange     '1.7.3',
29 silly addNameRange     '1.8.0',
29 silly addNameRange     '1.9.0',
29 silly addNameRange     '1.9.1',
29 silly addNameRange     '1.9.2',
29 silly addNameRange     '1.10.0',
29 silly addNameRange     '1.10.1',
29 silly addNameRange     '1.10.2',
29 silly addNameRange     '1.10.3',
29 silly addNameRange     '1.10.4',
29 silly addNameRange     '1.11.0',
29 silly addNameRange     '1.12.0',
29 silly addNameRange     '1.13.0',
29 silly addNameRange     '1.13.1',
29 silly addNameRange     '1.13.2',
29 silly addNameRange     '1.13.3',
29 silly addNameRange     '1.13.4',
29 silly addNameRange     '1.14.0',
29 silly addNameRange     '1.14.1',
29 silly addNameRange     '1.14.2',
29 silly addNameRange     '1.14.3',
29 silly addNameRange     '1.15.0',
29 silly addNameRange     '1.15.1',
29 silly addNameRange     '1.15.2',
29 silly addNameRange     '1.15.3',
29 silly addNameRange     '1.16.0-dev',
29 silly addNameRange     '1.16.0',
29 silly addNameRange     '1.16.1',
29 silly addNameRange     '1.17.0',
29 silly addNameRange     '1.17.1',
29 silly addNameRange     '1.17.2',
29 silly addNameRange     '1.17.3',
29 silly addNameRange     '1.17.4' ] ]
30 silly addNamed sass@1.17.4
31 verbose addNamed "1.17.4" is a plain semver version for sass
32 silly cache afterAdd sass@1.17.4
33 verbose afterAdd /Users/oneway/.npm/sass/1.17.4/package/package.json not in flight; writing
34 verbose afterAdd /Users/oneway/.npm/sass/1.17.4/package/package.json written
35 silly install resolved [ { name: 'sass',
35 silly install resolved     description: 'A pure JavaScript implementation of Sass.',
35 silly install resolved     license: 'MIT',
35 silly install resolved     bugs: { url: 'https://github.com/sass/dart-sass/issues' },
35 silly install resolved     homepage: 'https://github.com/sass/dart-sass',
35 silly install resolved     repository:
35 silly install resolved      { type: 'git',
35 silly install resolved        url: 'git+https://github.com/sass/dart-sass.git' },
35 silly install resolved     author:
35 silly install resolved      { name: 'Natalie Weizenbaum',
35 silly install resolved        email: 'nweiz@google.com',
35 silly install resolved        url: 'https://github.com/nex3' },
35 silly install resolved     engines: { node: '>=0.11.8' },
35 silly install resolved     dependencies: { chokidar: '^2.0.0' },
35 silly install resolved     main: 'sass.dart.js',
35 silly install resolved     bin: { sass: 'sass.js' },
35 silly install resolved     keywords: [ 'style', 'scss', 'sass', 'preprocessor', 'css' ],
35 silly install resolved     version: '1.17.4',
35 silly install resolved     _id: 'sass@1.17.4',
35 silly install resolved     _npmVersion: '5.5.1',
35 silly install resolved     _nodeVersion: '8.9.1',
35 silly install resolved     _npmUser: { name: 'sassbot', email: 'sass.bot.beep.boop@gmail.com' },
35 silly install resolved     dist:
35 silly install resolved      { integrity: 'sha512-NM/RkY54d6C5xJMWk7Z+p0/TfIB71/46/T335Egc0O3G+NeKKVFz1s9EwBlekRnYq3fUCTsbk0zPNMpee5LIdA==',
35 silly install resolved        shasum: 'b65b9d11f5cef9b96d6c44566ab91d6357210dbd',
35 silly install resolved        tarball: 'https://registry.npmjs.org/sass/-/sass-1.17.4.tgz',
35 silly install resolved        fileCount: 4,
35 silly install resolved        unpackedSize: 674324,
35 silly install resolved        'npm-signature': '-----BEGIN PGP SIGNATURE-----\r\nVersion: OpenPGP.js v3.0.4\r\nComment: https://openpgpjs.org\r\n\r\nwsFcBAEBCAAQBQJcpHPRCRA9TVsSAnZWagAAGcQQAJZzSDedZN7B2ucTCkPk\nSxmpszV2ZFMGej4ojJP1srfND6YJWNNBuzJRpEfDhhyksb0Y6WxPaM2K+5zZ\niFQ/1zFe2HAO1ZNiAuKZGDAvdKYc2kXyB95M8xGSoMj43yfllRTgr+f2uTOW\nTOKw5KJiuCis7/mPBLE4iBnpQslc8tfCIVRwXhFm9B3KHs3zmlXw6/8NoRdt\nZRLfrLBL0c/Lvm5alyr6nse9MwyM1+up62qO9Ee43kvEcZkzIHeemJSivpB8\nbaCb/Bu7RWw8eOFgdtbOZmS4Xp6RCI0y065pOKKHXDC5Y7VID5m87+P0/DAq\nIAbLRqJS7WG+s/EhI9SePhA/q0P9nu7rW966nr77f7yF0knE4i+qdGVs83/4\nQ3PKfqE8h8AIgtywM/mbOV/ilbnqojlP10JYb/GuVelBD0ovDKQ+r0lF44eb\nTSz9u0GNkijKseUJwqBggZnRHwLtptWoSqP5R8eVFpwJ8d6GSspN9FZIsbz6\nMsgM128FzgNWxgGrnn2YDDTnCH0rxUyRaJaLUR0GOTXb89C6kI798azpLAHD\niiW9BCp83iVXO0wHhrkC13MlNbFBPug72dQPjdOOrHpGZlzcF+ATorr/sCV+\nRIwUimp28H5wz8sbLUKHLwlSdTZNHkV+MsiQ6EFeNWUnO8T/7k5R6IMDl80H\nHsgg\r\n=/vJH\r\n-----END PGP SIGNATURE-----\r\n' },
35 silly install resolved     maintainers: [ [Object], [Object], [Object], [Object], [Object] ],
35 silly install resolved     directories: {},
35 silly install resolved     _npmOperationalInternal:
35 silly install resolved      { host: 's3://npm-registry-packages',
35 silly install resolved        tmp: 'tmp/sass_1.17.4_1554281425142_0.5478748419421473' },
35 silly install resolved     _hasShrinkwrap: false,
35 silly install resolved     _shasum: 'b65b9d11f5cef9b96d6c44566ab91d6357210dbd',
35 silly install resolved     _resolved: 'https://registry.npmjs.org/sass/-/sass-1.17.4.tgz',
35 silly install resolved     _from: 'sass@*',
35 silly install resolved     readme: 'ERROR: No README data found!' } ]
36 info install sass@1.17.4 into /usr/local/lib
37 info installOne sass@1.17.4
38 verbose installOne of sass to /usr/local/lib not in flight; installing
39 verbose lock using /Users/oneway/.npm/_locks/sass-ab169bacba62a57a.lock for /usr/local/lib/node_modules/sass
40 silly install write writing sass 1.17.4 to /usr/local/lib/node_modules/sass
41 verbose unbuild lib/node_modules/sass
42 silly gentlyRm /usr/local/lib/node_modules/sass is being purged from base /usr/local
43 verbose gentlyRm don't care about contents; nuking /usr/local/lib/node_modules/sass
44 verbose tar unpack /Users/oneway/.npm/sass/1.17.4/package.tgz
45 verbose tar unpacking to /usr/local/lib/node_modules/sass
46 silly gentlyRm /usr/local/lib/node_modules/sass is being purged
47 verbose gentlyRm don't care about contents; nuking /usr/local/lib/node_modules/sass
48 silly gunzTarPerm modes [ '755', '644' ]
49 error tar.unpack untar error /Users/oneway/.npm/sass/1.17.4/package.tgz
50 verbose unlock done using /Users/oneway/.npm/_locks/sass-ab169bacba62a57a.lock for /usr/local/lib/node_modules/sass
51 verbose fstream_path /usr/local/lib/node_modules/sass
52 verbose fstream_type Directory
53 verbose fstream_class DirWriter
54 verbose stack Error: EACCES, mkdir '/usr/local/lib/node_modules/sass'
54 verbose stack     at Error (native)
55 verbose fstream_stack /usr/local/lib/node_modules/npm/node_modules/fstream/lib/dir-writer.js:35:25
55 verbose fstream_stack /usr/local/lib/node_modules/npm/node_modules/mkdirp/index.js:47:53
55 verbose fstream_stack FSReqWrap.oncomplete (fs.js:95:15)
56 verbose cwd /Users/oneway/Code/onewayfirst.com
57 error Darwin 18.2.0
58 error argv "node" "/usr/local/bin/npm" "install" "-g" "sass"
59 error node v0.12.7
60 error npm  v2.11.3
61 error path /usr/local/lib/node_modules/sass
62 error code EACCES
63 error errno -13
64 error Error: EACCES, mkdir '/usr/local/lib/node_modules/sass'
64 error     at Error (native)
64 error  { [Error: EACCES, mkdir '/usr/local/lib/node_modules/sass']
64 error   errno: -13,
64 error   code: 'EACCES',
64 error   path: '/usr/local/lib/node_modules/sass',
64 error   fstream_type: 'Directory',
64 error   fstream_path: '/usr/local/lib/node_modules/sass',
64 error   fstream_class: 'DirWriter',
64 error   fstream_stack:
64 error    [ '/usr/local/lib/node_modules/npm/node_modules/fstream/lib/dir-writer.js:35:25',
64 error      '/usr/local/lib/node_modules/npm/node_modules/mkdirp/index.js:47:53',
64 error      'FSReqWrap.oncomplete (fs.js:95:15)' ] }
65 error Please try running this command again as root/Administrator.
66 verbose exit [ -13, true ]
67 verbose unbuild lib/node_modules/sass
68 silly gentlyRm /usr/local/lib/node_modules/sass is being purged from base /usr/local
69 verbose gentlyRm don't care about contents; nuking /usr/local/lib/node_modules/sass
